Log file open, 06/12/18 17:45:18
LogWindows: Failed to load 'aqProf.dll' (GetLastError=126)
LogWindows: File 'aqProf.dll' does not exist
LogWindows: Failed to load 'VSPerf140.dll' (GetLastError=126)
LogWindows: File 'VSPerf140.dll' does not exist
LogWindows: Failed to load 'VtuneApi.dll' (GetLastError=126)
LogWindows: File 'VtuneApi.dll' does not exist
LogWindows: Failed to load 'VtuneApi32e.dll' (GetLastError=126)
LogWindows: File 'VtuneApi32e.dll' does not exist
LogInit: Display: Running engine for game: AWWA
LogPlatformFile: Not using cached read wrapper
LogInit: Display: RandInit(-1134552060) SRandInit(-1134552060).
LogInit: Read version file with build ID '3709383'
LogInit: Overriding engine version to CL 3832480, compatible CL 3709383
LogInit: Registered custom module enumerator with build ID '3709383'
LogTaskGraph: Started task graph with 5 named threads and 20 total threads with 3 sets of task threads.
LogStats: Stats thread started at 0.227393
LogD3D11RHI: Aftermath initialized
LogPluginManager: Mounting plugin Paper2D
LogPluginManager: Mounting plugin LightPropagationVolume
LogPluginManager: Mounting plugin CodeLiteSourceCodeAccess
LogPluginManager: Mounting plugin GitSourceControl
LogPluginManager: Mounting plugin KDevelopSourceCodeAccess
LogPluginManager: Mounting plugin NullSourceCodeAccess
LogPluginManager: Mounting plugin PerforceSourceControl
LogPluginManager: Mounting plugin SubversionSourceControl
LogPluginManager: Mounting plugin UObjectPlugin
LogPluginManager: Mounting plugin VisualStudioCodeSourceCodeAccess
LogPluginManager: Mounting plugin VisualStudioSourceCodeAccess
LogPluginManager: Mounting plugin XCodeSourceCodeAccess
LogPluginManager: Mounting plugin AssetManagerEditor
LogPluginManager: Mounting plugin AudioCapture
LogPluginManager: Mounting plugin FacialAnimation
LogPluginManager: Mounting plugin GameplayTagsEditor
LogPluginManager: Mounting plugin MobileLauncherProfileWizard
LogPluginManager: Mounting plugin PluginBrowser
LogPluginManager: Mounting plugin SpeedTreeImporter
LogPluginManager: Mounting plugin AlembicImporter
LogPluginManager: Mounting plugin CharacterAI
LogPluginManager: Mounting plugin HTML5Networking
LogPluginManager: Mounting plugin AndroidMedia
LogPluginManager: Mounting plugin AvfMedia
LogPluginManager: Mounting plugin ImgMedia
LogPluginManager: Mounting plugin MediaCompositing
LogPluginManager: Mounting plugin MediaPlayerEditor
LogPluginManager: Mounting plugin WmfMedia
LogPluginManager: Mounting plugin TcpMessaging
LogPluginManager: Mounting plugin UdpMessaging
LogPluginManager: Mounting plugin ActorSequence
LogPluginManager: Mounting plugin LevelSequenceEditor
LogPluginManager: Mounting plugin MatineeToLevelSequence
LogPluginManager: Mounting plugin OnlineSubsystemGooglePlay
LogPluginManager: Mounting plugin OnlineSubsystemIOS
LogPluginManager: Mounting plugin OnlineSubsystem
LogPluginManager: Mounting plugin OnlineSubsystemNull
LogPluginManager: Mounting plugin OnlineSubsystemUtils
LogPluginManager: Mounting plugin AndroidDeviceProfileSelector
LogPluginManager: Mounting plugin AndroidMoviePlayer
LogPluginManager: Mounting plugin AndroidPermission
LogPluginManager: Mounting plugin AppleARKit
LogPluginManager: Mounting plugin AppleMoviePlayer
LogPluginManager: Mounting plugin ArchVisCharacter
LogPluginManager: Mounting plugin CableComponent
LogPluginManager: Mounting plugin CustomMeshComponent
LogPluginManager: Mounting plugin ExampleDeviceProfileSelector
LogPluginManager: Mounting plugin GoogleCloudMessaging
LogPluginManager: Mounting plugin ImmediatePhysics
LogPluginManager: Mounting plugin IOSDeviceProfileSelector
LogPluginManager: Mounting plugin LinuxDeviceProfileSelector
LogPluginManager: Mounting plugin LocationServicesBPLibrary
LogPluginManager: Mounting plugin MobilePatchingUtils
LogPluginManager: Mounting plugin OculusVR
LogPluginManager: Plugin shader directory ../../../Engine/Plugins/Runtime/Oculus/OculusVR/Shaders found
LogPluginManager: Mapping shader source directory ../../../Engine/Plugins/Runtime/Oculus/OculusVR/Shaders to virtual directory /Plugin/OculusVR
LogPluginManager: Mounting plugin PhysXVehicles
LogPluginManager: Mounting plugin ProceduralMeshComponent
LogPluginManager: Mounting plugin RuntimePhysXCooking
LogPluginManager: Mounting plugin SteamVR
LogPluginManager: Mounting plugin WindowsMoviePlayer
LogModuleManager: Display: Found up-to-date module file ../../../../../../Users/korea/Documents/GitHub/AndWhenWeAdvance/NewAWWA/AWWA/Binaries/Win64/UE4Editor-AWWA-6522.dll (API version 3709383).
LogModuleManager: Display: Found up-to-date module file ../../../Engine/Plugins/2D/Paper2D/Binaries/Win64/UE4Editor-Paper2D.dll (API version 3709383).
LogModuleManager: Display: Found up-to-date module file ../../../Engine/Plugins/2D/Paper2D/Binaries/Win64/UE4Editor-Paper2DEditor.dll (API version 3709383).
LogModuleManager: Display: Found up-to-date module file ../../../Engine/Plugins/2D/Paper2D/Binaries/Win64/UE4Editor-PaperSpriteSheetImporter.dll (API version 3709383).
LogModuleManager: Display: Found up-to-date module file ../../../Engine/Plugins/2D/Paper2D/Binaries/Win64/UE4Editor-PaperTiledImporter.dll (API version 3709383).
LogModuleManager: Display: Found up-to-date module file ../../../Engine/Plugins/2D/Paper2D/Binaries/Win64/UE4Editor-SmartSnapping.dll (API version 3709383).
LogModuleManager: Display: Found up-to-date module file ../../../Engine/Plugins/Blendables/LightPropagationVolume/Binaries/Win64/UE4Editor-LightPropagationVolumeRuntime.dll (API version 3709383).
LogModuleManager: Display: Found up-to-date module file ../../../Engine/Plugins/Blendables/LightPropagationVolume/Binaries/Win64/UE4Editor-LightPropagationVolumeEditor.dll (API version 3709383).
LogModuleManager: Display: Found up-to-date module file ../../../Engine/Plugins/Developer/GitSourceControl/Binaries/Win64/UE4Editor-GitSourceControl.dll (API version 3709383).
LogModuleManager: Display: Found up-to-date module file ../../../Engine/Plugins/Developer/PerforceSourceControl/Binaries/Win64/UE4Editor-PerforceSourceControl.dll (API version 3709383).
LogModuleManager: Display: Found up-to-date module file ../../../Engine/Plugins/Developer/SubversionSourceControl/Binaries/Win64/UE4Editor-SubversionSourceControl.dll (API version 3709383).
LogModuleManager: Display: Found up-to-date module file ../../../Engine/Plugins/Developer/UObjectPlugin/Binaries/Win64/UE4Editor-UObjectPlugin.dll (API version 3709383).
LogModuleManager: Display: Found up-to-date module file ../../../Engine/Plugins/Developer/VisualStudioCodeSourceCodeAccess/Binaries/Win64/UE4Editor-VisualStudioCodeSourceCodeAccess.dll (API version 3709383).
LogModuleManager: Display: Found up-to-date module file ../../../Engine/Plugins/Developer/VisualStudioSourceCodeAccess/Binaries/Win64/UE4Editor-VisualStudioSourceCodeAccess.dll (API version 3709383).
LogModuleManager: Display: Found up-to-date module file ../../../Engine/Plugins/Editor/AssetManagerEditor/Binaries/Win64/UE4Editor-AssetManagerEditor.dll (API version 3709383).
LogModuleManager: Display: Found up-to-date module file ../../../Engine/Plugins/Editor/AudioCapture/Binaries/Win64/UE4Editor-AudioCapture.dll (API version 3709383).
LogModuleManager: Display: Found up-to-date module file ../../../Engine/Plugins/Editor/FacialAnimation/Binaries/Win64/UE4Editor-FacialAnimation.dll (API version 3709383).
LogModuleManager: Display: Found up-to-date module file ../../../Engine/Plugins/Editor/FacialAnimation/Binaries/Win64/UE4Editor-FacialAnimationEditor.dll (API version 3709383).
LogModuleManager: Display: Found up-to-date module file ../../../Engine/Plugins/Editor/GameplayTagsEditor/Binaries/Win64/UE4Editor-GameplayTagsEditor.dll (API version 3709383).
LogModuleManager: Display: Found up-to-date module file ../../../Engine/Plugins/Editor/MobileLauncherProfileWizard/Binaries/Win64/UE4Editor-MobileLauncherProfileWizard.dll (API version 3709383).
LogModuleManager: Display: Found up-to-date module file ../../../Engine/Plugins/Editor/PluginBrowser/Binaries/Win64/UE4Editor-PluginBrowser.dll (API version 3709383).
LogModuleManager: Display: Found up-to-date module file ../../../Engine/Plugins/Editor/SpeedTreeImporter/Binaries/Win64/UE4Editor-SpeedTreeImporter.dll (API version 3709383).
LogModuleManager: Display: Found up-to-date module file ../../../Engine/Plugins/Experimental/AlembicImporter/Binaries/Win64/UE4Editor-AlembicImporter.dll (API version 3709383).
LogModuleManager: Display: Found up-to-date module file ../../../Engine/Plugins/Experimental/AlembicImporter/Binaries/Win64/UE4Editor-AlembicLibrary.dll (API version 3709383).
LogModuleManager: Display: Found up-to-date module file ../../../Engine/Plugins/Experimental/CharacterAI/Binaries/Win64/UE4Editor-CharacterAI.dll (API version 3709383).
LogModuleManager: Display: Found up-to-date module file ../../../Engine/Plugins/Experimental/HTML5Networking/Binaries/Win64/UE4Editor-HTML5Networking.dll (API version 3709383).
LogModuleManager: Display: Found up-to-date module file ../../../Engine/Plugins/Media/AndroidMedia/Binaries/Win64/UE4Editor-AndroidMediaEditor.dll (API version 3709383).
LogModuleManager: Display: Found up-to-date module file ../../../Engine/Plugins/Media/AndroidMedia/Binaries/Win64/UE4Editor-AndroidMediaFactory.dll (API version 3709383).
LogModuleManager: Display: Found up-to-date module file ../../../Engine/Plugins/Media/AvfMedia/Binaries/Win64/UE4Editor-AvfMediaEditor.dll (API version 3709383).
LogModuleManager: Display: Found up-to-date module file ../../../Engine/Plugins/Media/AvfMedia/Binaries/Win64/UE4Editor-AvfMediaFactory.dll (API version 3709383).
LogModuleManager: Display: Found up-to-date module file ../../../Engine/Plugins/Media/AvfMedia/Binaries/Win64/UE4Editor-AvfMediaFactory.dll (API version 3709383).
LogModuleManager: Display: Found up-to-date module file ../../../Engine/Plugins/Media/ImgMedia/Binaries/Win64/UE4Editor-ImgMedia.dll (API version 3709383).
LogModuleManager: Display: Found up-to-date module file ../../../Engine/Plugins/Media/ImgMedia/Binaries/Win64/UE4Editor-ImgMediaEditor.dll (API version 3709383).
LogModuleManager: Display: Found up-to-date module file ../../../Engine/Plugins/Media/ImgMedia/Binaries/Win64/UE4Editor-ImgMediaFactory.dll (API version 3709383).
LogModuleManager: Display: Found up-to-date module file ../../../Engine/Plugins/Media/ImgMedia/Binaries/Win64/UE4Editor-ImgMediaFactory.dll (API version 3709383).
LogModuleManager: Display: Found up-to-date module file ../../../Engine/Plugins/Media/ImgMedia/Binaries/Win64/UE4Editor-OpenExrWrapper.dll (API version 3709383).
LogModuleManager: Display: Found up-to-date module file ../../../Engine/Plugins/Media/MediaCompositing/Binaries/Win64/UE4Editor-MediaCompositing.dll (API version 3709383).
LogModuleManager: Display: Found up-to-date module file ../../../Engine/Plugins/Media/MediaCompositing/Binaries/Win64/UE4Editor-MediaCompositingEditor.dll (API version 3709383).
LogModuleManager: Display: Found up-to-date module file ../../../Engine/Plugins/Media/MediaPlayerEditor/Binaries/Win64/UE4Editor-MediaPlayerEditor.dll (API version 3709383).
LogModuleManager: Display: Found up-to-date module file ../../../Engine/Plugins/Media/WmfMedia/Binaries/Win64/UE4Editor-WmfMedia.dll (API version 3709383).
LogModuleManager: Display: Found up-to-date module file ../../../Engine/Plugins/Media/WmfMedia/Binaries/Win64/UE4Editor-WmfMediaEditor.dll (API version 3709383).
LogModuleManager: Display: Found up-to-date module file ../../../Engine/Plugins/Media/WmfMedia/Binaries/Win64/UE4Editor-WmfMediaFactory.dll (API version 3709383).
LogModuleManager: Display: Found up-to-date module file ../../../Engine/Plugins/Media/WmfMedia/Binaries/Win64/UE4Editor-WmfMediaFactory.dll (API version 3709383).
LogModuleManager: Display: Found up-to-date module file ../../../Engine/Plugins/Messaging/TcpMessaging/Binaries/Win64/UE4Editor-TcpMessaging.dll (API version 3709383).
LogModuleManager: Display: Found up-to-date module file ../../../Engine/Plugins/Messaging/UdpMessaging/Binaries/Win64/UE4Editor-UdpMessaging.dll (API version 3709383).
LogModuleManager: Display: Found up-to-date module file ../../../Engine/Plugins/MovieScene/ActorSequence/Binaries/Win64/UE4Editor-ActorSequence.dll (API version 3709383).
LogModuleManager: Display: Found up-to-date module file ../../../Engine/Plugins/MovieScene/LevelSequenceEditor/Binaries/Win64/UE4Editor-LevelSequenceEditor.dll (API version 3709383).
LogModuleManager: Display: Found up-to-date module file ../../../Engine/Plugins/MovieScene/MatineeToLevelSequence/Binaries/Win64/UE4Editor-MatineeToLevelSequence.dll (API version 3709383).
LogModuleManager: Display: Found up-to-date module file ../../../Engine/Plugins/Online/OnlineSubsystem/Binaries/Win64/UE4Editor-OnlineSubsystem.dll (API version 3709383).
LogModuleManager: Display: Found up-to-date module file ../../../Engine/Plugins/Online/OnlineSubsystemNull/Binaries/Win64/UE4Editor-OnlineSubsystemNull.dll (API version 3709383).
LogModuleManager: Display: Found up-to-date module file ../../../Engine/Plugins/Online/OnlineSubsystemUtils/Binaries/Win64/UE4Editor-OnlineSubsystemUtils.dll (API version 3709383).
LogModuleManager: Display: Found up-to-date module file ../../../Engine/Plugins/Online/OnlineSubsystemUtils/Binaries/Win64/UE4Editor-OnlineBlueprintSupport.dll (API version 3709383).
LogModuleManager: Display: Found up-to-date module file ../../../Engine/Plugins/Runtime/AndroidDeviceProfileSelector/Binaries/Win64/UE4Editor-AndroidDeviceProfileSelector.dll (API version 3709383).
LogModuleManager: Display: Found up-to-date module file ../../../Engine/Plugins/Runtime/AndroidPermission/Binaries/Win64/UE4Editor-AndroidPermission.dll (API version 3709383).
LogModuleManager: Display: Found up-to-date module file ../../../Engine/Plugins/Runtime/AppleARKit/Binaries/Win64/UE4Editor-AppleARKit.dll (API version 3709383).
LogModuleManager: Display: Found up-to-date module file ../../../Engine/Plugins/Runtime/ArchVisCharacter/Binaries/Win64/UE4Editor-ArchVisCharacter.dll (API version 3709383).
LogModuleManager: Display: Found up-to-date module file ../../../Engine/Plugins/Runtime/CableComponent/Binaries/Win64/UE4Editor-CableComponent.dll (API version 3709383).
LogModuleManager: Display: Found up-to-date module file ../../../Engine/Plugins/Runtime/CustomMeshComponent/Binaries/Win64/UE4Editor-CustomMeshComponent.dll (API version 3709383).
LogModuleManager: Display: Found up-to-date module file ../../../Engine/Plugins/Runtime/ExampleDeviceProfileSelector/Binaries/Win64/UE4Editor-ExampleDeviceProfileSelector.dll (API version 3709383).
LogModuleManager: Display: Found up-to-date module file ../../../Engine/Plugins/Runtime/ImmediatePhysics/Binaries/Win64/UE4Editor-ImmediatePhysics.dll (API version 3709383).
LogModuleManager: Display: Found up-to-date module file ../../../Engine/Plugins/Runtime/ImmediatePhysics/Binaries/Win64/UE4Editor-ImmediatePhysicsEditor.dll (API version 3709383).
LogModuleManager: Display: Found up-to-date module file ../../../Engine/Plugins/Runtime/LocationServicesBPLibrary/Binaries/Win64/UE4Editor-LocationServicesBPLibrary.dll (API version 3709383).
LogModuleManager: Display: Found up-to-date module file ../../../Engine/Plugins/Runtime/MobilePatchingUtils/Binaries/Win64/UE4Editor-MobilePatchingUtils.dll (API version 3709383).
LogModuleManager: Display: Found up-to-date module file ../../../Engine/Plugins/Runtime/Oculus/OculusVR/Binaries/Win64/UE4Editor-OculusHMD.dll (API version 3709383).
LogModuleManager: Display: Found up-to-date module file ../../../Engine/Plugins/Runtime/Oculus/OculusVR/Binaries/Win64/UE4Editor-OculusInput.dll (API version 3709383).
LogModuleManager: Display: Found up-to-date module file ../../../Engine/Plugins/Runtime/Oculus/OculusVR/Binaries/Win64/UE4Editor-OculusEditor.dll (API version 3709383).
LogModuleManager: Display: Found up-to-date module file ../../../Engine/Plugins/Runtime/PhysXVehicles/Binaries/Win64/UE4Editor-PhysXVehicles.dll (API version 3709383).
LogModuleManager: Display: Found up-to-date module file ../../../Engine/Plugins/Runtime/PhysXVehicles/Binaries/Win64/UE4Editor-PhysXVehiclesEditor.dll (API version 3709383).
LogModuleManager: Display: Found up-to-date module file ../../../Engine/Plugins/Runtime/ProceduralMeshComponent/Binaries/Win64/UE4Editor-ProceduralMeshComponent.dll (API version 3709383).
LogModuleManager: Display: Found up-to-date module file ../../../Engine/Plugins/Runtime/ProceduralMeshComponent/Binaries/Win64/UE4Editor-ProceduralMeshComponentEditor.dll (API version 3709383).
LogModuleManager: Display: Found up-to-date module file ../../../Engine/Plugins/Runtime/RuntimePhysXCooking/Binaries/Win64/UE4Editor-RuntimePhysXCooking.dll (API version 3709383).
LogModuleManager: Display: Found up-to-date module file ../../../Engine/Plugins/Runtime/Steam/SteamVR/Binaries/Win64/UE4Editor-SteamVR.dll (API version 3709383).
LogModuleManager: Display: Found up-to-date module file ../../../Engine/Plugins/Runtime/Steam/SteamVR/Binaries/Win64/UE4Editor-SteamVRController.dll (API version 3709383).
LogModuleManager: Display: Found up-to-date module file ../../../Engine/Plugins/Runtime/WindowsMoviePlayer/Binaries/Win64/UE4Editor-WindowsMoviePlayer.dll (API version 3709383).
LogInit: Using libcurl 7.47.1
LogInit:  - built for x86_64-pc-win32
LogInit:  - supports SSL with OpenSSL/1.0.2g
LogInit:  - supports HTTP deflate (compression) using libz 1.2.8
LogInit:  - other features:
LogInit:      CURL_VERSION_SSL
LogInit:      CURL_VERSION_LIBZ
LogInit:      CURL_VERSION_IPV6
LogInit:      CURL_VERSION_ASYNCHDNS
LogInit:      CURL_VERSION_LARGEFILE
LogInit:      CURL_VERSION_IDN
LogInit:  CurlRequestOptions (configurable via config and command line):
LogInit:  - bVerifyPeer = false  - Libcurl will NOT verify peer certificate
LogInit:  - bUseHttpProxy = false  - Libcurl will NOT use HTTP proxy
LogInit:  - bDontReuseConnections = false  - Libcurl will reuse connections
LogInit:  - CertBundlePath = nullptr  - Libcurl will use whatever was configured at build time.
LogInit: Build: ++UE4+Release-4.18-CL-3832480
LogInit: Engine Version: 4.18.3-3832480+++UE4+Release-4.18
LogInit: Compatible Engine Version: 4.18.0-3709383+++UE4+Release-4.18
LogInit: Net CL: 3709383
LogDevObjectVersion: Number of dev versions registered: 16
LogDevObjectVersion:   Dev-Blueprints (B0D832E4-1F89-4F0D-ACCF-7EB736FD4AA2): 10
LogDevObjectVersion:   Dev-Build (E1C64328-A22C-4D53-A36C-8E866417BD8C): 0
LogDevObjectVersion:   Dev-Core (375EC13C-06E4-48FB-B500-84F0262A717E): 2
LogDevObjectVersion:   Dev-Editor (E4B068ED-F494-42E9-A231-DA0B2E46BB41): 20
LogDevObjectVersion:   Dev-Framework (CFFC743F-43B0-4480-9391-14DF171D2073): 30
LogDevObjectVersion:   Dev-Mobile (B02B49B5-BB20-44E9-A304-32B752E40360): 0
LogDevObjectVersion:   Dev-Networking (A4E4105C-59A1-49B5-A7C5-40C4547EDFEE): 0
LogDevObjectVersion:   Dev-Online (39C831C9-5AE6-47DC-9A44-9C173E1C8E7C): 0
LogDevObjectVersion:   Dev-Physics (78F01B33-EBEA-4F98-B9B4-84EACCB95AA2): 0
LogDevObjectVersion:   Dev-Platform (6631380F-2D4D-43E0-8009-CF276956A95A): 0
LogDevObjectVersion:   Dev-Rendering (12F88B9F-8875-4AFC-A67C-D90C383ABD29): 20
LogDevObjectVersion:   Dev-Sequencer (7B5AE74C-D270-4C10-A958-57980B212A5A): 4
LogDevObjectVersion:   Dev-VR (D7296918-1DD6-4BDD-9DE2-64A83CC13884): 0
LogDevObjectVersion:   Dev-LoadTimes (C2A15278-BFE7-4AFE-6C17-90FF531DF755): 1
LogDevObjectVersion:   Private-Geometry (6EACA3D4-40EC-4CC1-B786-8BED09428FC5): 1
LogDevObjectVersion:   Dev-AnimPhys (29E575DD-E0A3-4627-9D10-D276232CDCEA): 12
LogInit: Compiled (64-bit): Jan 12 2018 02:04:55
LogInit: Compiled with Visual C++: 19.00.24215.01
LogInit: Build Configuration: Development
LogInit: Branch Name: ++UE4+Release-4.18
LogInit: Command line:  
LogInit: Base directory: C:/Program Files/Epic Games/UE_4.18/Engine/Binaries/Win64/
LogInit: Installed Engine Build: 1
LogInit: Presizing for max 8388607 objects, including 0 objects not considered by GC, pre-allocating 0 bytes for permanent pool.
LogInit: Object subsystem initialized
[2018.06.12-08.45.20:517][  0]LogInit: Selected Device Profile: [Windows]
[2018.06.12-08.45.20:517][  0]LogInit: Applying CVar settings loaded from the selected device profile: [Windows]
[2018.06.12-08.45.20:527][  0]LogInit: Computer: DESKTOP-SFT0388
[2018.06.12-08.45.20:527][  0]LogInit: User: korea
[2018.06.12-08.45.20:527][  0]LogInit: CPU Page size=4096, Cores=6
[2018.06.12-08.45.20:527][  0]LogInit: High frequency timer resolution =3.609377 MHz
[2018.06.12-08.45.20:527][  0]LogMemory: Memory total: Physical=15.9GB (16GB approx)
[2018.06.12-08.45.20:527][  0]LogMemory: Platform Memory Stats for Windows
[2018.06.12-08.45.20:527][  0]LogMemory: Process Physical Memory: 275.50 MB used, 275.50 MB peak
[2018.06.12-08.45.20:527][  0]LogMemory: Process Virtual Memory: 274.17 MB used, 274.17 MB peak
[2018.06.12-08.45.20:527][  0]LogMemory: Physical Memory: 4382.38 MB used,  11935.63 MB free, 16318.00 MB total
[2018.06.12-08.45.20:527][  0]LogMemory: Virtual Memory: 4783.12 MB used,  11935.63 MB free, 134217728.00 MB total
[2018.06.12-08.45.20:738][  0]LogInit: Using OS detected language (ko-KR).
[2018.06.12-08.45.20:738][  0]LogInit: Using OS detected locale (ko-KR).
[2018.06.12-08.45.20:741][  0]LogTextLocalizationManager: No specific localization for 'ko-KR' exists, so the 'ko' localization will be used.
[2018.06.12-08.45.20:866][  0]LogInit: Setting process to per monitor DPI aware
[2018.06.12-08.45.21:170][  0]LogD3D11RHI: D3D11 adapters:
[2018.06.12-08.45.21:220][  0]LogD3D11RHI:    0. 'NVIDIA GeForce GTX 1070 Ti' (Feature Level 11_0)
[2018.06.12-08.45.21:220][  0]LogD3D11RHI:       8080/0/8159 MB DedicatedVideo/DedicatedSystem/SharedSystem, Outputs:2, VendorId:0x10de
[2018.06.12-08.45.21:222][  0]LogD3D11RHI:    1. 'Microsoft Basic Render Driver' (Feature Level 11_0)
[2018.06.12-08.45.21:222][  0]LogD3D11RHI:       0/0/8159 MB DedicatedVideo/DedicatedSystem/SharedSystem, Outputs:0, VendorId:0x1414
[2018.06.12-08.45.21:222][  0]LogD3D11RHI: Chosen D3D11 Adapter: 0
[2018.06.12-08.45.21:226][  0]LogD3D11RHI: Creating new Direct3DDevice
[2018.06.12-08.45.21:226][  0]LogD3D11RHI:     GPU DeviceId: 0x1b82 (for the marketing name, search the web for "GPU Device Id")
[2018.06.12-08.45.21:226][  0]LogWindows: EnumDisplayDevices:
[2018.06.12-08.45.21:226][  0]LogWindows:    0. 'NVIDIA GeForce GTX 1070 Ti' (P:1 D:1)
[2018.06.12-08.45.21:227][  0]LogWindows:    1. 'NVIDIA GeForce GTX 1070 Ti' (P:0 D:1)
[2018.06.12-08.45.21:227][  0]LogWindows:    2. 'NVIDIA GeForce GTX 1070 Ti' (P:0 D:0)
[2018.06.12-08.45.21:228][  0]LogWindows:    3. 'NVIDIA GeForce GTX 1070 Ti' (P:0 D:0)
[2018.06.12-08.45.21:228][  0]LogWindows: DebugString: GetVideoDriverDetailsInvalid PrimaryIsNotTheChoosenAdapter GetVideoDriverDetailsInvalid PrimaryIsNotTheChoosenAdapter GetVideoDriverDetailsInvalid PrimaryIsNotTheChoosenAdapter GetVideoDriverDetailsInvalid PrimaryIsNotTheChoosenAdapter FoundDriverCount:0 
[2018.06.12-08.45.21:228][  0]LogD3D11RHI:     Adapter Name: NVIDIA GeForce GTX 1070 Ti
[2018.06.12-08.45.21:228][  0]LogD3D11RHI:   Driver Version: Unknown (internal:Unknown, unified:Unknown)
[2018.06.12-08.45.21:228][  0]LogD3D11RHI:      Driver Date: Unknown
[2018.06.12-08.45.21:228][  0]LogRHI: Texture pool is 5656 MB (70% of 8080 MB)
[2018.06.12-08.45.21:252][  0]LogD3D11RHI: Async texture creation enabled
[2018.06.12-08.45.21:267][  0]LogD3D11RHI: GPU Timing Frequency: 1000.000000 (Debug: 2 2)
[2018.06.12-08.45.21:365][  0]LogShaderCompilers: Guid format shader working directory is -31 characters bigger than the processId version (../../../../../../Users/korea/Documents/GitHub/AndWhenWeAdvance/NewAWWA/AWWA/Intermediate/Shaders/WorkingDirectory/15716/).
[2018.06.12-08.45.21:365][  0]LogShaderCompilers: Cleaned the shader compiler working directory 'C:/Users/korea/AppData/Local/Temp/UnrealShaderWorkingDir/4A4B66E3478438B2DFDE93946D13FBDD/'.
[2018.06.12-08.45.21:365][  0]LogShaderCompilers: Display: Using Local Shader Compiler.
[2018.06.12-08.45.22:207][  0]LogTemp: Display: Loaded TP AllDesktopTargetPlatform
[2018.06.12-08.45.22:324][  0]LogTemp: Display: Loaded TP MacClientTargetPlatform
[2018.06.12-08.45.22:400][  0]LogTemp: Display: Loaded TP MacNoEditorTargetPlatform
[2018.06.12-08.45.22:479][  0]LogTemp: Display: Loaded TP MacServerTargetPlatform
[2018.06.12-08.45.22:549][  0]LogTemp: Display: Loaded TP MacTargetPlatform
[2018.06.12-08.45.22:615][  0]LogTemp: Display: Loaded TP WindowsClientTargetPlatform
[2018.06.12-08.45.22:681][  0]LogTemp: Display: Loaded TP WindowsNoEditorTargetPlatform
[2018.06.12-08.45.22:749][  0]LogTemp: Display: Loaded TP WindowsServerTargetPlatform
[2018.06.12-08.45.22:806][  0]LogTemp: Display: Loaded TP WindowsTargetPlatform
[2018.06.12-08.45.22:866][  0]LogTemp: Display: Loaded TP Android_ASTCTargetPlatform
[2018.06.12-08.45.22:929][  0]LogTemp: Display: Loaded TP Android_ATCTargetPlatform
[2018.06.12-08.45.22:994][  0]LogTemp: Display: Loaded TP Android_DXTTargetPlatform
[2018.06.12-08.45.23:066][  0]LogTemp: Display: Loaded TP Android_ETC1TargetPlatform
[2018.06.12-08.45.23:130][  0]LogTemp: Display: Loaded TP Android_ETC2TargetPlatform
[2018.06.12-08.45.23:270][  0]LogTemp: Display: Loaded TP Android_MultiTargetPlatform
[2018.06.12-08.45.23:270][  0]LogTemp: Display: Loaded TP Android_PVRTCTargetPlatform
[2018.06.12-08.45.23:335][  0]LogTemp: Display: Loaded TP AndroidTargetPlatform
[2018.06.12-08.45.23:393][  0]LogTemp: Display: Loaded TP HTML5TargetPlatform
[2018.06.12-08.45.23:504][  0]LogTemp: Display: Loaded TP IOSTargetPlatform
[2018.06.12-08.45.23:536][  0]LogTemp: Display: Loaded TP TVOSTargetPlatform
[2018.06.12-08.45.23:597][  0]LogTemp: Display: Loaded TP LinuxClientTargetPlatform
[2018.06.12-08.45.23:664][  0]LogTemp: Display: Loaded TP LinuxNoEditorTargetPlatform
[2018.06.12-08.45.23:733][  0]LogTemp: Display: Loaded TP LinuxServerTargetPlatform
[2018.06.12-08.45.23:801][  0]LogTemp: Display: Loaded TP LinuxTargetPlatform
[2018.06.12-08.45.23:801][  0]LogTargetPlatformManager: Display: Building Assets For Windows
[2018.06.12-08.45.24:430][  0]LogDerivedDataCache: Display: Max Cache Size: 512 MB
[2018.06.12-08.45.24:496][  0]LogDerivedDataCache: Loaded boot cache 0.07s 100MB C:/Users/korea/AppData/Local/UnrealEngine/4.18/DerivedDataCache/Boot.ddc.
[2018.06.12-08.45.24:496][  0]LogDerivedDataCache: Display: Loaded Boot cache: C:/Users/korea/AppData/Local/UnrealEngine/4.18/DerivedDataCache/Boot.ddc
[2018.06.12-08.45.24:496][  0]LogDerivedDataCache: FDerivedDataBackendGraph:  Pak pak cache file ../../../../../../Users/korea/Documents/GitHub/AndWhenWeAdvance/NewAWWA/AWWA/DerivedDataCache/DDC.ddp not found, will not use a pak cache.
[2018.06.12-08.45.24:496][  0]LogDerivedDataCache: Unable to find inner node Pak for hierarchical cache Hierarchy.
[2018.06.12-08.45.24:496][  0]LogDerivedDataCache: FDerivedDataBackendGraph:  CompressedPak pak cache file ../../../../../../Users/korea/Documents/GitHub/AndWhenWeAdvance/NewAWWA/AWWA/DerivedDataCache/Compressed.ddp not found, will not use a pak cache.
[2018.06.12-08.45.24:496][  0]LogDerivedDataCache: Unable to find inner node CompressedPak for hierarchical cache Hierarchy.
[2018.06.12-08.45.24:508][  0]LogDerivedDataCache: Display: Pak cache opened for reading ../../../Engine/DerivedDataCache/Compressed.ddp.
[2018.06.12-08.45.24:520][  0]LogDerivedDataCache: Using Local data cache path C:/Users/korea/AppData/Local/UnrealEngine/Common/DerivedDataCache: Writable
[2018.06.12-08.45.24:528][  0]LogMaterial: Verifying Global Shaders for PCD3D_SM5
[2018.06.12-08.45.24:528][  0]LogSlate: Using Freetype 2.6.0
[2018.06.12-08.45.24:529][  0]LogSlate: SlateFontCache - WITH_FREETYPE: 1, WITH_HARFBUZZ: 1
[2018.06.12-08.45.24:529][  0]LogSlate: SlateFontCache - WITH_FREETYPE: 1, WITH_HARFBUZZ: 1
[2018.06.12-08.45.24:914][  0]LogInit: Selected Device Profile: [Windows]
[2018.06.12-08.45.25:279][  0]LogSimplygon: Simplygon DLL not present - disabling.
[2018.06.12-08.45.25:332][  0]LogMeshReduction: Using SimplygonSwarm for distributed automatic mesh merging
[2018.06.12-08.45.25:332][  0]LogMeshReduction: Using QuadricMeshReduction for automatic static mesh reduction
[2018.06.12-08.45.25:332][  0]LogMeshReduction: No automatic skeletal mesh reduction module available
[2018.06.12-08.45.25:332][  0]LogMeshReduction: No automatic mesh merging module available
[2018.06.12-08.45.25:332][  0]LogMeshMerging: No automatic mesh merging module available
[2018.06.12-08.45.25:362][  0]LogNetVersion: AWWA , NetCL: 3709383, EngineNetVer: 2, GameNetVer: 0 (Checksum: 3043977046)
[2018.06.12-08.45.25:513][  0]LogAssetRegistry: FAssetRegistry took 0.0250 seconds to start up
[2018.06.12-08.45.25:962][  0]LogPackageLocalizationCache: Processed 7 localized package path(s) for 2 prioritized culture(s) in 0.051759 seconds
[2018.06.12-08.45.25:965][  0]LogUObjectArray: 35870 objects as part of root set at end of initial load.
[2018.06.12-08.45.25:965][  0]LogUObjectAllocator: 7363704 out of 0 bytes used by permanent object pool.
[2018.06.12-08.45.25:965][  0]LogUObjectArray: CloseDisregardForGC: 0/0 objects in disregard for GC pool
[2018.06.12-08.45.26:036][  0]LogInit: WinSock: version 1.1 (2.2), MaxSocks=32767, MaxUdp=65467
[2018.06.12-08.45.29:241][  0]LogTcpMessaging: Initializing TcpMessaging bridge
[2018.06.12-08.45.29:291][  0]LogUdpMessaging: Initializing bridge on interface 0.0.0.0:0 to multicast group 230.0.0.1:6666.
[2018.06.12-08.45.31:721][  0]LogMaterial: Uniform references updated for custom material expression Custom.
[2018.06.12-08.45.32:269][  0]SourceControl: 소스 콘트롤이 꺼졌습니다.
[2018.06.12-08.45.32:269][  0]SourceControl: 소스 콘트롤이 꺼졌습니다.
[2018.06.12-08.45.32:346][  0]SourceControl: 소스 콘트롤이 꺼졌습니다.
[2018.06.12-08.45.32:414][  0]SourceControl: 소스 콘트롤이 꺼졌습니다.
[2018.06.12-08.45.33:485][  0]LogAndroidPermission: UAndroidPermissionCallbackProxy::GetInstance
[2018.06.12-08.45.33:847][  0]LogOcInput: OculusInput pre-init called
[2018.06.12-08.45.34:213][  0]LogEngine: Initializing Engine...
[2018.06.12-08.45.34:215][  0]LogHMD: Failed to initialize OpenVR with code 110
[2018.06.12-08.45.34:375][  0]LogStats: UGameplayTagsManager::ConstructGameplayTagTree: Construct from data asset -  0.000 s
[2018.06.12-08.45.34:375][  0]LogStats: UGameplayTagsManager::ConstructGameplayTagTree: GameplayTagTreeChangedEvent.Broadcast -  0.000 s
[2018.06.12-08.45.34:564][  0]LogAIModule: Creating AISystem for world Untitled
[2018.06.12-08.45.34:596][  0]LogInit: XAudio2 using '스피커(Realtek High Definition Audio)' : 2 channels at 48 kHz using 32 bits per sample (channel mask 0x3)
[2018.06.12-08.45.34:629][  0]LogInit: FAudioDevice initialized.
[2018.06.12-08.45.34:726][  0]LogDerivedDataCache: Saved boot cache 0.10s 100MB C:/Users/korea/AppData/Local/UnrealEngine/4.18/DerivedDataCache/Boot.ddc.
[2018.06.12-08.45.34:741][  0]LogInit: Texture streaming: Enabled
[2018.06.12-08.45.34:893][  0]LogEngineSessionManager: EngineSessionManager initialized
[2018.06.12-08.45.35:143][  0]LogInit: Transaction tracking system initialized
[2018.06.12-08.45.35:633][  0]BlueprintLog: New page: 에디터 로드
[2018.06.12-08.45.37:698][  0]LocalizationService: 현지화 서비스가 비활성화되었습니다.
[2018.06.12-08.45.38:832][  0]LogConsoleResponse: Display: 
[2018.06.12-08.45.39:004][  0]LogCook: Display: Max memory allowance for cook 16384mb min free memory 0mb
[2018.06.12-08.45.39:004][  0]LogCook: Display: Mobile HDR setting 1
[2018.06.12-08.45.39:004][  0]LogGameplayTags: Display: UGameplayTagsManager::DoneAddingNativeTags. DelegateIsBound: 0
[2018.06.12-08.45.39:950][  0]LogFileCache: Scanning file cache for directory 'C:/Users/korea/Documents/GitHub/AndWhenWeAdvance/NewAWWA/AWWA/Content/' took 0.03s
[2018.06.12-08.45.40:735][  0]SourceControl: 소스 콘트롤이 꺼졌습니다.
[2018.06.12-08.45.40:735][  0]Cmd: MAP LOAD FILE="../../../../../../Users/korea/Documents/GitHub/AndWhenWeAdvance/NewAWWA/AWWA/Content/_Maps/World.umap" TEMPLATE=0 SHOWPROGRESS=1 FEATURELEVEL=3
[2018.06.12-08.45.40:735][  0]LightingResults: New page: 라이팅 빌드
[2018.06.12-08.45.40:792][  0]MapCheck: New page: 맵 체크
[2018.06.12-08.45.40:792][  0]LightingResults: New page: 라이팅 빌드
[2018.06.12-08.45.45:452][  0]LogAIModule: Creating AISystem for world World
[2018.06.12-08.45.47:110][  0]LogEditorServer: Finished looking for orphan Actors (0.000 secs)
[2018.06.12-08.45.47:207][  0]MapCheck: /Game/_Maps/World 레벨의 39 개 컴포넌트에 대해 칠해진 버텍스 컬러 수리에 0.0s 걸렸습니다. 맵을 다시 저장하면 확정됩니다. 
[2018.06.12-08.45.47:207][  0]MapCheck: Warning: 스태틱 메시 리임포트로 인해 칠해진 버텍스 컬러를 고치는 데 시간이 0.0s 만큼 걸렸습니다. 맵을 다시 저장하기 전까지는 로드할 때마다 이 작업이 실행됩니다. 
[2018.06.12-08.45.47:207][  0]Cmd: MAP CHECKDEP NOCLEARLOG
[2018.06.12-08.45.47:489][  0]MapCheck: 맵 체크 완료: 오류 0 회, 경고 1 회, 소요 시간 281.806ms.
[2018.06.12-08.45.47:510][  0]LogFileHelpers: Loading map 'World' took 6.775
[2018.06.12-08.45.47:642][  0]LogCollectionManager: Loaded 0 collections in 0.001382 seconds
[2018.06.12-08.45.47:779][  0]LogFileCache: Scanning file cache for directory 'C:/Users/korea/Documents/GitHub/AndWhenWeAdvance/NewAWWA/AWWA/Saved/Collections/' took 0.01s
[2018.06.12-08.45.47:780][  0]LogFileCache: Scanning file cache for directory 'C:/Users/korea/Documents/GitHub/AndWhenWeAdvance/NewAWWA/AWWA/Content/Developers/korea/Collections/' took 0.01s
[2018.06.12-08.45.47:780][  0]LogFileCache: Scanning file cache for directory 'C:/Users/korea/Documents/GitHub/AndWhenWeAdvance/NewAWWA/AWWA/Content/Collections/' took 0.01s
[2018.06.12-08.45.47:780][  0]LogCollectionManager: Rebuilt the GUID cache for 0 collections in 0.000000 seconds
[2018.06.12-08.45.47:786][  0]LogContentBrowser: Native class hierarchy populated in 0.0067 seconds. Added 2369 classes and 522 folders.
[2018.06.12-08.45.47:881][  0]LogContentBrowser: Native class hierarchy updated for 'WidgetCarousel' in 0.0008 seconds. Added 0 classes and 0 folders.
[2018.06.12-08.45.47:922][  0]LogContentBrowser: Native class hierarchy updated for 'AddContentDialog' in 0.0008 seconds. Added 0 classes and 0 folders.
[2018.06.12-08.45.47:986][  0]LogContentBrowser: Native class hierarchy updated for 'SceneOutliner' in 0.0008 seconds. Added 1 classes and 2 folders.
[2018.06.12-08.45.48:033][  0]LogSlate: Took 0.000225 seconds to synchronously load lazily loaded font '../../../Engine/Content/Slate/Fonts/Roboto-Regular.ttf' (155K)
[2018.06.12-08.45.48:035][  0]LogSlate: Took 0.001666 seconds to synchronously load lazily loaded font '../../../Engine/Content/Slate/Fonts/NanumGothic.ttf' (4243K)
[2018.06.12-08.45.48:037][  0]LogSlate: Took 0.000219 seconds to synchronously load lazily loaded font '../../../Engine/Content/Slate/Fonts/Roboto-Bold.ttf' (160K)
[2018.06.12-08.45.48:039][  0]LogSlate: Took 0.000213 seconds to synchronously load lazily loaded font '../../../Engine/Content/Editor/Slate/Fonts/FontAwesome.ttf' (139K)
[2018.06.12-08.45.48:126][  0]LogRenderer: Reallocating scene render targets to support 1900x624 Format 10 NumSamples 1 (Frame:1).
[2018.06.12-08.45.48:323][  0]LogContentBrowser: Native class hierarchy updated for 'HierarchicalLODOutliner' in 0.0008 seconds. Added 1 classes and 2 folders.
[2018.06.12-08.45.48:323][  0]LogLoad: (Engine Initialization) Total time: 30.70 seconds
[2018.06.12-08.45.48:323][  0]LogLoad: (Engine Initialization) Total Blueprint compile time: 0.00 seconds
[2018.06.12-08.45.48:323][  0]LogExternalProfiler: No external profilers were discovered.  External profiling features will not be available.
[2018.06.12-08.45.48:680][  0]LogContentStreaming: Texture pool size now 1000 MB
[2018.06.12-08.45.49:337][  2]LogAssetRegistry: Asset discovery search completed in 23.8464 seconds
[2018.06.12-08.45.49:341][  2]LogCollectionManager: Rebuilt the object cache for 0 collections in 0.000000 seconds (found 0 objects)
[2018.06.12-08.45.49:341][  2]LogCollectionManager: Fixed up redirectors for 0 collections in 0.000038 seconds (updated 0 objects)
[2018.06.12-08.45.49:399][  3]LogSlate: Took 0.000188 seconds to synchronously load lazily loaded font '../../../Engine/Content/Slate/Fonts/Roboto-Light.ttf' (159K)
[2018.06.12-08.45.49:787][  3]LogBlueprint: Error: [Compiler FL_ImpactParticles] In use pin  Dirt  no longer exists on node  EPhysicalSurface 에 따른 스위치 . Please refresh node or break links to remove pin.
[2018.06.12-08.45.49:787][  3]LogBlueprint: Error: [Compiler FL_ImpactParticles] In use pin  Rock  no longer exists on node  EPhysicalSurface 에 따른 스위치 . Please refresh node or break links to remove pin.
[2018.06.12-08.45.49:787][  3]LogBlueprint: Error: [Compiler FL_ImpactParticles] In use pin  Sand  no longer exists on node  EPhysicalSurface 에 따른 스위치 . Please refresh node or break links to remove pin.
[2018.06.12-08.45.49:787][  3]LogBlueprint: Error: [Compiler FL_ImpactParticles] In use pin  Water  no longer exists on node  EPhysicalSurface 에 따른 스위치 . Please refresh node or break links to remove pin.
[2018.06.12-08.45.49:788][  3]LogBlueprint: Error: [Compiler FL_ImpactParticles] In use pin  Glass  no longer exists on node  EPhysicalSurface 에 따른 스위치 . Please refresh node or break links to remove pin.
[2018.06.12-08.45.49:788][  3]LogBlueprint: Error: [Compiler FL_ImpactParticles] In use pin  Cloth  no longer exists on node  EPhysicalSurface 에 따른 스위치 . Please refresh node or break links to remove pin.
[2018.06.12-08.45.49:788][  3]LogBlueprint: Error: [Compiler FL_ImpactParticles] In use pin  Metal  no longer exists on node  EPhysicalSurface 에 따른 스위치 . Please refresh node or break links to remove pin.
[2018.06.12-08.45.49:788][  3]LogBlueprint: Error: [Compiler FL_ImpactParticles] In use pin  Wood  no longer exists on node  EPhysicalSurface 에 따른 스위치 . Please refresh node or break links to remove pin.
[2018.06.12-08.45.49:788][  3]LogBlueprint: Error: [Compiler FL_ImpactParticles] In use pin  Grass  no longer exists on node  EPhysicalSurface 에 따른 스위치 . Please refresh node or break links to remove pin.
[2018.06.12-08.45.49:788][  3]LogBlueprint: Error: [Compiler FL_ImpactParticles] In use pin  Carpet  no longer exists on node  EPhysicalSurface 에 따른 스위치 . Please refresh node or break links to remove pin.
[2018.06.12-08.45.49:788][  3]LogBlueprint: Error: [Compiler FL_ImpactParticles] In use pin  Concrete  no longer exists on node  EPhysicalSurface 에 따른 스위치 . Please refresh node or break links to remove pin.
[2018.06.12-08.45.49:788][  3]LogBlueprint: Error: [Compiler FL_ImpactParticles] In use pin  Snow  no longer exists on node  EPhysicalSurface 에 따른 스위치 . Please refresh node or break links to remove pin.
[2018.06.12-08.45.49:788][  3]LogBlueprint: Error: [Compiler FL_ImpactParticles] In use pin  Tile  no longer exists on node  EPhysicalSurface 에 따른 스위치 . Please refresh node or break links to remove pin.
[2018.06.12-08.45.49:788][  3]LogBlueprint: Error: [Compiler FL_ImpactParticles] In use pin  Asphalt  no longer exists on node  EPhysicalSurface 에 따른 스위치 . Please refresh node or break links to remove pin.
[2018.06.12-08.45.49:788][  3]LogBlueprint: Error: [Compiler FL_ImpactParticles] In use pin  Brick  no longer exists on node  EPhysicalSurface 에 따른 스위치 . Please refresh node or break links to remove pin.
[2018.06.12-08.45.49:788][  3]LogBlueprint: Error: [Compiler FL_ImpactParticles] In use pin  Cardboard  no longer exists on node  EPhysicalSurface 에 따른 스위치 . Please refresh node or break links to remove pin.
[2018.06.12-08.45.49:788][  3]LogBlueprint: Error: [Compiler FL_ImpactParticles] In use pin  Clay  no longer exists on node  EPhysicalSurface 에 따른 스위치 . Please refresh node or break links to remove pin.
[2018.06.12-08.45.49:788][  3]LogBlueprint: Error: [Compiler FL_ImpactParticles] In use pin  Plastic  no longer exists on node  EPhysicalSurface 에 따른 스위치 . Please refresh node or break links to remove pin.
[2018.06.12-08.45.49:788][  3]LogBlueprint: Error: [Compiler FL_ImpactParticles] In use pin  Electronics  no longer exists on node  EPhysicalSurface 에 따른 스위치 . Please refresh node or break links to remove pin.
[2018.06.12-08.45.49:788][  3]LogBlueprint: Error: [Compiler FL_ImpactParticles] In use pin  Sheetrock  no longer exists on node  EPhysicalSurface 에 따른 스위치 . Please refresh node or break links to remove pin.
[2018.06.12-08.45.49:788][  3]LogBlueprint: Error: [Compiler FL_ImpactParticles] In use pin  Plaster  no longer exists on node  EPhysicalSurface 에 따른 스위치 . Please refresh node or break links to remove pin.
[2018.06.12-08.45.49:788][  3]LogBlueprint: Error: [Compiler FL_ImpactParticles] In use pin  Leaves  no longer exists on node  EPhysicalSurface 에 따른 스위치 . Please refresh node or break links to remove pin.
[2018.06.12-08.45.49:788][  3]LogBlueprint: Error: [Compiler FL_ImpactParticles] In use pin  Blood  no longer exists on node  EPhysicalSurface 에 따른 스위치 . Please refresh node or break links to remove pin.
[2018.06.12-08.45.49:790][  3]LogBlueprint: Error: [Compiler FL_ImpactParticles] In use pin  Dirt  no longer exists on node  EPhysicalSurface 에 따른 스위치 . Please refresh node or break links to remove pin.
[2018.06.12-08.45.49:790][  3]LogBlueprint: Error: [Compiler FL_ImpactParticles] In use pin  Rock  no longer exists on node  EPhysicalSurface 에 따른 스위치 . Please refresh node or break links to remove pin.
[2018.06.12-08.45.49:790][  3]LogBlueprint: Error: [Compiler FL_ImpactParticles] In use pin  Sand  no longer exists on node  EPhysicalSurface 에 따른 스위치 . Please refresh node or break links to remove pin.
[2018.06.12-08.45.49:790][  3]LogBlueprint: Error: [Compiler FL_ImpactParticles] In use pin  Water  no longer exists on node  EPhysicalSurface 에 따른 스위치 . Please refresh node or break links to remove pin.
[2018.06.12-08.45.49:790][  3]LogBlueprint: Error: [Compiler FL_ImpactParticles] In use pin  Glass  no longer exists on node  EPhysicalSurface 에 따른 스위치 . Please refresh node or break links to remove pin.
[2018.06.12-08.45.49:790][  3]LogBlueprint: Error: [Compiler FL_ImpactParticles] In use pin  Cloth  no longer exists on node  EPhysicalSurface 에 따른 스위치 . Please refresh node or break links to remove pin.
[2018.06.12-08.45.49:791][  3]LogBlueprint: Error: [Compiler FL_ImpactParticles] In use pin  Metal  no longer exists on node  EPhysicalSurface 에 따른 스위치 . Please refresh node or break links to remove pin.
[2018.06.12-08.45.49:791][  3]LogBlueprint: Error: [Compiler FL_ImpactParticles] In use pin  Wood  no longer exists on node  EPhysicalSurface 에 따른 스위치 . Please refresh node or break links to remove pin.
[2018.06.12-08.45.49:791][  3]LogBlueprint: Error: [Compiler FL_ImpactParticles] In use pin  Grass  no longer exists on node  EPhysicalSurface 에 따른 스위치 . Please refresh node or break links to remove pin.
[2018.06.12-08.45.49:791][  3]LogBlueprint: Error: [Compiler FL_ImpactParticles] In use pin  Carpet  no longer exists on node  EPhysicalSurface 에 따른 스위치 . Please refresh node or break links to remove pin.
[2018.06.12-08.45.49:791][  3]LogBlueprint: Error: [Compiler FL_ImpactParticles] In use pin  Concrete  no longer exists on node  EPhysicalSurface 에 따른 스위치 . Please refresh node or break links to remove pin.
[2018.06.12-08.45.49:791][  3]LogBlueprint: Error: [Compiler FL_ImpactParticles] In use pin  Snow  no longer exists on node  EPhysicalSurface 에 따른 스위치 . Please refresh node or break links to remove pin.
[2018.06.12-08.45.49:791][  3]LogBlueprint: Error: [Compiler FL_ImpactParticles] In use pin  Tile  no longer exists on node  EPhysicalSurface 에 따른 스위치 . Please refresh node or break links to remove pin.
[2018.06.12-08.45.49:791][  3]LogBlueprint: Error: [Compiler FL_ImpactParticles] In use pin  Asphalt  no longer exists on node  EPhysicalSurface 에 따른 스위치 . Please refresh node or break links to remove pin.
[2018.06.12-08.45.49:791][  3]LogBlueprint: Error: [Compiler FL_ImpactParticles] In use pin  Brick  no longer exists on node  EPhysicalSurface 에 따른 스위치 . Please refresh node or break links to remove pin.
[2018.06.12-08.45.49:791][  3]LogBlueprint: Error: [Compiler FL_ImpactParticles] In use pin  Cardboard  no longer exists on node  EPhysicalSurface 에 따른 스위치 . Please refresh node or break links to remove pin.
[2018.06.12-08.45.49:791][  3]LogBlueprint: Error: [Compiler FL_ImpactParticles] In use pin  Clay  no longer exists on node  EPhysicalSurface 에 따른 스위치 . Please refresh node or break links to remove pin.
[2018.06.12-08.45.49:791][  3]LogBlueprint: Error: [Compiler FL_ImpactParticles] In use pin  Plastic  no longer exists on node  EPhysicalSurface 에 따른 스위치 . Please refresh node or break links to remove pin.
[2018.06.12-08.45.49:791][  3]LogBlueprint: Error: [Compiler FL_ImpactParticles] In use pin  Electronics  no longer exists on node  EPhysicalSurface 에 따른 스위치 . Please refresh node or break links to remove pin.
[2018.06.12-08.45.49:791][  3]LogBlueprint: Error: [Compiler FL_ImpactParticles] In use pin  Sheetrock  no longer exists on node  EPhysicalSurface 에 따른 스위치 . Please refresh node or break links to remove pin.
[2018.06.12-08.45.49:791][  3]LogBlueprint: Error: [Compiler FL_ImpactParticles] In use pin  Plaster  no longer exists on node  EPhysicalSurface 에 따른 스위치 . Please refresh node or break links to remove pin.
[2018.06.12-08.45.49:791][  3]LogBlueprint: Error: [Compiler FL_ImpactParticles] In use pin  Leaves  no longer exists on node  EPhysicalSurface 에 따른 스위치 . Please refresh node or break links to remove pin.
[2018.06.12-08.45.49:791][  3]LogBlueprint: Error: [Compiler FL_ImpactParticles] In use pin  Blood  no longer exists on node  EPhysicalSurface 에 따른 스위치 . Please refresh node or break links to remove pin.
[2018.06.12-08.45.49:791][  3]LogBlueprint: Warning: [Compiler FL_ImpactParticles] [0032.17] FL_ImpactParticles 컴파일에 실패했습니다. 치명적 오류 46 회, 경고 0 회, [소요시간 10 ms] (/Game/Impacts/Blueprints/FL_ImpactParticles.FL_ImpactParticles)
[2018.06.12-08.45.49:855][  3]LogTexture: Display: 텍스처 빌드: T_DustCloud (AutoDXT, 64X64)
[2018.06.12-08.45.49:855][  3]LogTexture: Display: 텍스처 빌드: T_DustBurst (AutoDXT, 256X256)
[2018.06.12-08.45.49:855][  3]LogTexture: Display: 텍스처 빌드: ThumbnailTexture (DXT1, 512X512)
[2018.06.12-08.45.53:655][  3]LogTexture: Display: 텍스처 빌드: T_FlekSheet4_ao (AutoDXT, 2048X2048)
[2018.06.12-08.45.53:655][  3]LogTexture: Display: 텍스처 빌드: ThumbnailTexture (DXT1, 512X512)
[2018.06.12-08.45.53:655][  3]LogTexture: Display: 텍스처 빌드: T_FlekSheet4 (AutoDXT, 2048X2048)
[2018.06.12-08.45.53:655][  3]LogTexture: Display: 텍스처 빌드: T_FlekSheet1 (AutoDXT, 2048X2048)
[2018.06.12-08.45.53:655][  3]LogTexture: Display: 텍스처 빌드: T_SmokeSet (BGRA8, 1024X1024)
[2018.06.12-08.45.53:655][  3]LogTexture: Display: 텍스처 빌드: T_BloodVarious (G8, 2048X2048)
[2018.06.12-08.45.53:655][  3]LogTexture: Display: 텍스처 빌드: T_FlekSheet1_d (AutoDXT, 2048X2048)
[2018.06.12-08.45.53:655][  3]LogTexture: Display: 텍스처 빌드: ThumbnailTexture (DXT1, 512X512)
[2018.06.12-08.45.53:655][  3]LogTexture: Display: 텍스처 빌드: T_FlekSheet1_n (BC5, 2048X2048)
[2018.06.12-08.45.53:656][  3]LogTexture: Display: 텍스처 빌드: T_FluidNormal02 (BC5, 2048X2048)
[2018.06.12-08.45.53:656][  3]LogTexture: Display: 텍스처 빌드: T_SparksCentered (AutoDXT, 1024X1024)
[2018.06.12-08.45.53:656][  3]LogTexture: Display: 텍스처 빌드: T_SplashDisc_N (BC5, 512X512)
[2018.06.12-08.45.53:656][  3]LogTexture: Display: 텍스처 빌드: T_SplashMesh_02_N (BC5, 512X512)
[2018.06.12-08.45.53:656][  3]LogTexture: Display: 텍스처 빌드: T_BloodVarious_N (BC5, 2048X2048)
[2018.06.12-08.45.53:656][  3]LogTexture: Display: 텍스처 빌드: T_SplashDisc_A (AutoDXT, 512X512)
[2018.06.12-08.45.53:656][  3]LogTexture: Display: 텍스처 빌드: T_TilingNoise11 (AutoDXT, 2048X2048)
[2018.06.12-08.45.53:656][  3]LogTexture: Display: 텍스처 빌드: T_HeatTile3_N (BC5, 2048X2048)
[2018.06.12-08.45.53:656][  3]LogTexture: Display: 텍스처 빌드: T_RingWater (AutoDXT, 1024X1024)
[2018.06.12-08.45.53:656][  3]LogTexture: Display: 텍스처 빌드: CubeNearEntrance (RGBA16F, 1024X1024)
[2018.06.12-08.45.53:656][  3]LogTexture: Display: 텍스처 빌드: T_raindrop_normal (BC5, 256X256)
[2018.06.12-08.45.53:656][  3]LogTexture: Display: 텍스처 빌드: T_TilingNoise06_N (BC5, 2048X2048)
[2018.06.12-08.45.53:656][  3]LogTexture: Display: 텍스처 빌드: T_raindrop (AutoDXT, 256X256)
[2018.06.12-08.45.53:656][  3]LogTexture: Display: 텍스처 빌드: T_Caustics (AutoDXT, 512X512)
[2018.06.12-08.45.53:656][  3]LogTexture: Display: 텍스처 빌드: ThumbnailTexture (DXT1, 512X512)
[2018.06.12-08.45.53:656][  3]LogTexture: Display: 텍스처 빌드: ThumbnailTexture (DXT1, 512X512)
[2018.06.12-08.45.53:656][  3]LogTexture: Display: 텍스처 빌드: ThumbnailTexture (DXT1, 512X512)
[2018.06.12-08.45.53:656][  3]LogTexture: Display: 텍스처 빌드: ThumbnailTexture (DXT1, 512X512)
[2018.06.12-08.45.53:656][  3]LogTexture: Display: 텍스처 빌드: ThumbnailTexture (DXT1, 512X512)
[2018.06.12-08.45.53:656][  3]LogTexture: Display: 텍스처 빌드: T_RingSmoke (AutoDXT, 256X256)
[2018.06.12-08.45.53:656][  3]LogTexture: Display: 텍스처 빌드: T_FlareStar (AutoDXT, 512X512)
[2018.06.12-08.45.53:656][  3]LogTexture: Display: 텍스처 빌드: ThumbnailTexture (DXT1, 512X512)
[2018.06.12-08.45.53:656][  3]LogTexture: Display: 텍스처 빌드: ThumbnailTexture (DXT1, 512X512)
[2018.06.12-08.45.53:656][  3]LogTexture: Display: 텍스처 빌드: ThumbnailTexture (DXT1, 512X512)
[2018.06.12-08.45.53:656][  3]LogTexture: Display: 텍스처 빌드: ThumbnailTexture (DXT1, 512X512)
[2018.06.12-08.45.53:656][  3]LogTexture: Display: 텍스처 빌드: ThumbnailTexture (DXT1, 512X512)
[2018.06.12-08.45.53:656][  3]LogTexture: Display: 텍스처 빌드: T_WaterSplash (BGRA8, 512X256)
[2018.06.12-08.45.53:656][  3]LogTexture: Display: 텍스처 빌드: ThumbnailTexture (DXT1, 512X512)
[2018.06.12-08.45.53:656][  3]LogTexture: Display: 텍스처 빌드: T_BlastSheet (AutoDXT, 2048X2048)
[2018.06.12-08.45.53:656][  3]LogTexture: Display: 텍스처 빌드: ThumbnailTexture (DXT1, 512X512)
[2018.06.12-08.45.53:656][  3]LogTexture: Display: 텍스처 빌드: ThumbnailTexture (DXT1, 512X512)
[2018.06.12-08.45.53:656][  3]LogTexture: Display: 텍스처 빌드: ThumbnailTexture (DXT1, 512X512)
[2018.06.12-08.45.53:656][  3]LogTexture: Display: 텍스처 빌드: T_DustDebris (AutoDXT, 256X256)
[2018.06.12-08.45.53:656][  3]LogTexture: Display: 텍스처 빌드: T_FlekSheet3_n (AutoDXT, 2048X2048)
[2018.06.12-08.45.53:656][  3]LogTexture: Display: 텍스처 빌드: T_FlekSheet3_d (AutoDXT, 2048X2048)
[2018.06.12-08.45.53:656][  3]LogTexture: Display: 텍스처 빌드: ThumbnailTexture (DXT1, 512X512)
[2018.06.12-08.45.53:656][  3]LogTexture: Display: 텍스처 빌드: T_FlekSheet2_n (BC5, 2048X2048)
[2018.06.12-08.45.53:656][  3]LogTexture: Display: 텍스처 빌드: T_FlekSheet3 (AutoDXT, 2048X2048)
[2018.06.12-08.45.53:656][  3]LogTexture: Display: 텍스처 빌드: T_FlekSheet2_d (AutoDXT, 2048X2048)
[2018.06.12-08.45.53:656][  3]LogTexture: Display: 텍스처 빌드: T_FlekSheet2 (AutoDXT, 2048X2048)
[2018.06.12-08.45.53:656][  3]LogTexture: Display: 텍스처 빌드: ThumbnailTexture (DXT1, 512X512)
[2018.06.12-08.45.53:656][  3]LogTexture: Display: 텍스처 빌드: ThumbnailTexture (DXT1, 512X512)
[2018.06.12-08.45.53:918][  3]LogMaterial: Missing cached shader map for material M_Fleks1, compiling. 
[2018.06.12-08.45.53:977][  3]LogSlate: Took 0.000238 seconds to synchronously load lazily loaded font '../../../Engine/Content/Slate/Fonts/Roboto-Regular.ttf' (155K)
[2018.06.12-08.45.53:980][  3]LogMaterial: Missing cached shader map for material M_DustBurst, compiling. 
[2018.06.12-08.45.54:021][  3]LogMaterial: Missing cached shader map for material M_Smoke1, compiling. 
[2018.06.12-08.45.54:083][  3]LogMaterial: Missing cached shader map for material M_MetalSparks, compiling. 
[2018.06.12-08.45.54:132][  3]LogMaterial: Missing cached shader map for material M_RadialRamp, compiling. 
[2018.06.12-08.45.54:177][  3]LogMaterial: Missing cached shader map for material M_WaterCloud, compiling. 
[2018.06.12-08.45.54:263][  3]LogMaterial: Missing cached shader map for material M_ImpactSplashSubUV, compiling. 
[2018.06.12-08.45.54:460][  3]LogMaterial: Missing cached shader map for material M_Fleks4, compiling. 
[2018.06.12-08.45.54:516][  3]LogMaterial: Missing cached shader map for material M_DustDebris, compiling. 
[2018.06.12-08.45.54:564][  3]LogMaterial: Missing cached shader map for material M_Water_Test_01, compiling. 
[2018.06.12-08.45.54:603][  3]LogStaticMesh: SM_SplashMesh_02 스태틱 메시 빌드중...
[2018.06.12-08.45.54:812][  3]LogStaticMesh: Built static mesh [0.21s] /Game/Impacts/Meshes/Water/SM_SplashMesh_02.SM_SplashMesh_02
[2018.06.12-08.45.54:831][  3]LogStaticMesh: SM_SplashDisc 스태틱 메시 빌드중...
[2018.06.12-08.45.54:836][  3]LogStaticMesh: Built static mesh [0.01s] /Game/Impacts/Meshes/Water/SM_SplashDisc.SM_SplashDisc
[2018.06.12-08.45.54:862][  3]LogMaterial: Missing cached shader map for material M_MeshEmitWater_MASTER, compiling. 
[2018.06.12-08.45.54:947][  3]LogMaterial: Missing cached shader map for material M_MeshEmitWater_MASTER, compiling. 
[2018.06.12-08.45.55:099][  3]LogMaterial: Missing cached shader map for material M_WaterSplash, compiling. 
[2018.06.12-08.45.55:152][  3]LogMaterial: Missing cached shader map for material M_WaterRipple, compiling. 
[2018.06.12-08.45.55:193][  3]LogMaterial: Missing cached shader map for material M_RainDrop, compiling. 
[2018.06.12-08.45.55:229][  3]LogMaterial: Missing cached shader map for material M_DustCloud, compiling. 
[2018.06.12-08.45.55:486][  3]LogMaterial: Missing cached shader map for material M_Fleks3, compiling. 
[2018.06.12-08.45.55:748][  3]LogMaterial: Missing cached shader map for material M_Sand, compiling. 
[2018.06.12-08.45.55:800][  3]LogMaterial: Missing cached shader map for material M_Fleks2, compiling. 
[2018.06.12-08.45.55:951][  3]LogMaterial: Missing cached shader map for material M_SmokeRing, compiling. 
[2018.06.12-08.45.56:007][  3]LogMaterial: Missing cached shader map for material M_DirtSplash, compiling. 
[2018.06.12-08.45.56:065][  3]LogMaterial: Missing cached shader map for material M_MetalFlare, compiling. 
[2018.06.12-08.45.56:523][  3]LogContentBrowser: Native class hierarchy updated for 'BlueprintGraph' in 0.0022 seconds. Added 116 classes and 0 folders.
[2018.06.12-08.45.58:212][  3]LogContentBrowser: Native class hierarchy updated for 'SkeletonEditor' in 0.0014 seconds. Added 1 classes and 2 folders.
[2018.06.12-08.45.58:472][  3]LogActorComponent: RegisterComponentWithWorld: (/Engine/Transient.World_3:PersistentLevel.Actor_0.DebugSkelMeshComponent_0) Already registered. Aborting.
[2018.06.12-08.45.58:811][  3]LogSkeletalMesh: USkeletalMeshComponent::InitArticulated : Bodies already created (/Engine/Transient.World_3:PersistentLevel.Actor_0.DebugSkelMeshComponent_0) - call TermArticulated first.
[2018.06.12-08.45.59:294][  3]LogSlate: Took 0.000349 seconds to synchronously load lazily loaded font '../../../Engine/Content/Editor/Slate/Fonts/Roboto-BoldCondensed.ttf' (158K)
[2018.06.12-08.45.59:420][  3]LogContentBrowser: Native class hierarchy updated for 'ClothingSystemEditorInterface' in 0.0013 seconds. Added 1 classes and 0 folders.
[2018.06.12-08.45.59:953][  4]LogSlate: Took 0.000482 seconds to synchronously load lazily loaded font '../../../Engine/Content/Editor/Slate/Fonts/Roboto-Italic.ttf' (157K)
